<?xml version='1.0' encoding='iso-8859-1' standalone='no'?>
<doxygen xmlns:xsi="http://www.w3.org/2001/XMLSchema-instance" xsi:noNamespaceSchemaLocation="compound.xsd" version="1.3.6">
  <compounddef id="test-pers_8php" kind="file">
    <compoundname>test-pers.php</compoundname>
      <sectiondef kind="var">
      <memberdef kind="variable" id="test-pers_8php_1a0" prot="public" static="no" volatile="no" mutable="no">
        <type></type>
        <definition>$debug</definition>
        <argsstring></argsstring>
        <name>$debug</name>
        <initializer>TRUE</initializer>
        <briefdescription>
        </briefdescription>
        <detaileddescription>
        </detaileddescription>
        <inbodydescription>
        </inbodydescription>
        <location file="/auto/volva.data/www/EMBnet/cgi-src/Grid/php::ssh/src/test-pers.php" line="3" bodystart="3" bodyend="-1"/>
        <referencedby refid="util_8php_1a7" compoundref="util_8php" startline="224" endline="332">ssh_open</referencedby>
      </memberdef>
      <memberdef kind="variable" id="test-pers_8php_1a1" prot="public" static="no" volatile="no" mutable="no">
        <type></type>
        <definition>$remote</definition>
        <argsstring></argsstring>
        <name>$remote</name>
        <initializer> &quot;user@example.com&quot;</initializer>
        <briefdescription>
        </briefdescription>
        <detaileddescription>
        </detaileddescription>
        <inbodydescription>
        </inbodydescription>
        <location file="/auto/volva.data/www/EMBnet/cgi-src/Grid/php::ssh/src/test-pers.php" line="4" bodystart="4" bodyend="-1"/>
      </memberdef>
      <memberdef kind="variable" id="test-pers_8php_1a2" prot="public" static="no" volatile="no" mutable="no">
        <type></type>
        <definition>$password</definition>
        <argsstring></argsstring>
        <name>$password</name>
        <initializer> &quot;password&quot;</initializer>
        <briefdescription>
        </briefdescription>
        <detaileddescription>
        </detaileddescription>
        <inbodydescription>
        </inbodydescription>
        <location file="/auto/volva.data/www/EMBnet/cgi-src/Grid/php::ssh/src/test-pers.php" line="5" bodystart="5" bodyend="-1"/>
      </memberdef>
      <memberdef kind="variable" id="test-pers_8php_1a3" prot="public" static="no" volatile="no" mutable="no">
        <type></type>
        <definition>$workdir</definition>
        <argsstring></argsstring>
        <name>$workdir</name>
        <initializer> &quot;/tmp&quot;</initializer>
        <briefdescription>
        </briefdescription>
        <detaileddescription>
        </detaileddescription>
        <inbodydescription>
        </inbodydescription>
        <location file="/auto/volva.data/www/EMBnet/cgi-src/Grid/php::ssh/src/test-pers.php" line="6" bodystart="6" bodyend="-1"/>
      </memberdef>
      <memberdef kind="variable" id="test-pers_8php_1a4" prot="public" static="no" volatile="no" mutable="no">
        <type></type>
        <definition>$tmpfname</definition>
        <argsstring></argsstring>
        <name>$tmpfname</name>
        <initializer> tempnam($workdir, open-)</initializer>
        <briefdescription>
        </briefdescription>
        <detaileddescription>
        </detaileddescription>
        <inbodydescription>
        </inbodydescription>
        <location file="/auto/volva.data/www/EMBnet/cgi-src/Grid/php::ssh/src/test-pers.php" line="10" bodystart="10" bodyend="-1"/>
        <referencedby refid="remotessh_8php_1a1" compoundref="remotessh_8php" startline="46" endline="58">do_scp</referencedby>
        <referencedby refid="remotessh_8php_1a0" compoundref="remotessh_8php" startline="29" endline="41">do_ssh</referencedby>
        <referencedby refid="util_8php_1a6" compoundref="util_8php" startline="206" endline="222">ssh_copy</referencedby>
        <referencedby refid="util_8php_1a7" compoundref="util_8php" startline="224" endline="332">ssh_open</referencedby>
        <referencedby refid="util_8php_1a5" compoundref="util_8php" startline="178" endline="190">ssh_passthru</referencedby>
      </memberdef>
      <memberdef kind="variable" id="test-pers_8php_1a5" prot="public" static="no" volatile="no" mutable="no">
        <type></type>
        <definition>$fp</definition>
        <argsstring></argsstring>
        <name>$fp</name>
        <initializer> fopen($tmpfname, &quot;w&quot;)</initializer>
        <briefdescription>
        </briefdescription>
        <detaileddescription>
        </detaileddescription>
        <inbodydescription>
        </inbodydescription>
        <location file="/auto/volva.data/www/EMBnet/cgi-src/Grid/php::ssh/src/test-pers.php" line="18" bodystart="18" bodyend="-1"/>
        <referencedby refid="remotessh_8php_1a1" compoundref="remotessh_8php" startline="46" endline="58">do_scp</referencedby>
        <referencedby refid="remotessh_8php_1a0" compoundref="remotessh_8php" startline="29" endline="41">do_ssh</referencedby>
        <referencedby refid="util_8php_1a6" compoundref="util_8php" startline="206" endline="222">ssh_copy</referencedby>
        <referencedby refid="util_8php_1a7" compoundref="util_8php" startline="224" endline="332">ssh_open</referencedby>
        <referencedby refid="util_8php_1a5" compoundref="util_8php" startline="178" endline="190">ssh_passthru</referencedby>
      </memberdef>
      <memberdef kind="variable" id="test-pers_8php_1a6" prot="public" static="no" volatile="no" mutable="no">
        <type></type>
        <definition>$child_stdout</definition>
        <argsstring></argsstring>
        <name>$child_stdout</name>
        <initializer> tempnam($workdir, &quot;open_sh-O-&quot;)</initializer>
        <briefdescription>
        </briefdescription>
        <detaileddescription>
        </detaileddescription>
        <inbodydescription>
        </inbodydescription>
        <location file="/auto/volva.data/www/EMBnet/cgi-src/Grid/php::ssh/src/test-pers.php" line="27" bodystart="27" bodyend="-1"/>
      </memberdef>
      <memberdef kind="variable" id="test-pers_8php_1a7" prot="public" static="no" volatile="no" mutable="no">
        <type></type>
        <definition>$child_stderr</definition>
        <argsstring></argsstring>
        <name>$child_stderr</name>
        <initializer> tempnam($workdir, &quot;open_sh-E-&quot;)</initializer>
        <briefdescription>
        </briefdescription>
        <detaileddescription>
        </detaileddescription>
        <inbodydescription>
        </inbodydescription>
        <location file="/auto/volva.data/www/EMBnet/cgi-src/Grid/php::ssh/src/test-pers.php" line="28" bodystart="28" bodyend="-1"/>
      </memberdef>
      <memberdef kind="variable" id="test-pers_8php_1a8" prot="public" static="no" volatile="no" mutable="no">
        <type></type>
        <definition>$descriptorspec</definition>
        <argsstring></argsstring>
        <name>$descriptorspec</name>
        <initializer> array(
    0 =&gt; array(&quot;pipe&quot;, &quot;r&quot;),  // connect childs stdin to the read end of a pipe
    1 =&gt; array(&quot;file&quot;, $child_stdout, &quot;a&quot;),  // connect childs stdout to the write end of a pipe
    2 =&gt; array(&quot;file&quot;, $child_stderr, &quot;a&quot;)   // stderr is a pipe to read from
)</initializer>
        <briefdescription>
        </briefdescription>
        <detaileddescription>
        </detaileddescription>
        <inbodydescription>
        </inbodydescription>
        <location file="/auto/volva.data/www/EMBnet/cgi-src/Grid/php::ssh/src/test-pers.php" line="34" bodystart="30" bodyend="-1"/>
        <referencedby refid="util_8php_1a7" compoundref="util_8php" startline="224" endline="332">ssh_open</referencedby>
      </memberdef>
      <memberdef kind="variable" id="test-pers_8php_1a9" prot="public" static="no" volatile="no" mutable="no">
        <type></type>
        <definition>$process</definition>
        <argsstring></argsstring>
        <name>$process</name>
        <initializer> proc_open(&quot;ssh -x -t -t -M -S /tmp/open-sock $remote&quot;, 
	    	 $descriptorspec,
		 $pipes)</initializer>
        <briefdescription>
        </briefdescription>
        <detaileddescription>
        </detaileddescription>
        <inbodydescription>
        </inbodydescription>
        <location file="/auto/volva.data/www/EMBnet/cgi-src/Grid/php::ssh/src/test-pers.php" line="40" bodystart="38" bodyend="-1"/>
        <referencedby refid="util_8php_1a7" compoundref="util_8php" startline="224" endline="332">ssh_open</referencedby>
      </memberdef>
      <memberdef kind="variable" id="test-pers_8php_1a10" prot="public" static="no" volatile="no" mutable="no">
        <type></type>
        <definition>$f</definition>
        <argsstring></argsstring>
        <name>$f</name>
        <initializer> popen(&quot;ssh -x -t -t -S /tmp/open-sock $remote ls&quot;, &quot;w&quot;)</initializer>
        <briefdescription>
        </briefdescription>
        <detaileddescription>
        </detaileddescription>
        <inbodydescription>
        </inbodydescription>
        <location file="/auto/volva.data/www/EMBnet/cgi-src/Grid/php::ssh/src/test-pers.php" line="52" bodystart="52" bodyend="-1"/>
      </memberdef>
      </sectiondef>
    <briefdescription>
    </briefdescription>
    <detaileddescription>
    </detaileddescription>
    <programlisting>
<codeline lineno="1"><highlight class="normal">&lt;?php</highlight></codeline>
<codeline lineno="2"><highlight class="normal"></highlight></codeline>
<codeline lineno="3" refid="test-pers_8php_1a0" refkind="member"><highlight class="normal"><ref refid="test-pers_8php_1a0" kindref="member">$debug</ref>=TRUE;</highlight></codeline>
<codeline lineno="4" refid="test-pers_8php_1a1" refkind="member"><highlight class="normal"><ref refid="test-pers_8php_1a1" kindref="member">$remote</ref><sp/>=<sp/></highlight><highlight class="stringliteral">&quot;user@example.com&quot;</highlight><highlight class="normal">;</highlight></codeline>
<codeline lineno="5" refid="test-pers_8php_1a2" refkind="member"><highlight class="normal"><ref refid="test-pers_8php_1a2" kindref="member">$password</ref><sp/>=<sp/></highlight><highlight class="stringliteral">&quot;password&quot;</highlight><highlight class="normal">;</highlight></codeline>
<codeline lineno="6" refid="test-pers_8php_1a3" refkind="member"><highlight class="normal"><ref refid="test-pers_8php_1a3" kindref="member">$workdir</ref><sp/>=<sp/></highlight><highlight class="stringliteral">&quot;/tmp&quot;</highlight><highlight class="normal">;</highlight></codeline>
<codeline lineno="7"><highlight class="normal"></highlight></codeline>
<codeline lineno="8"><highlight class="normal"></highlight><highlight class="comment">//<sp/>Setup<sp/>environment</highlight><highlight class="normal"></highlight></codeline>
<codeline lineno="9"><highlight class="normal">umask(0077);</highlight></codeline>
<codeline lineno="10" refid="test-pers_8php_1a4" refkind="member"><highlight class="normal"><ref refid="test-pers_8php_1a4" kindref="member">$tmpfname</ref><sp/>=<sp/>tempnam($workdir,<sp/>&apos;open-&apos;);</highlight></codeline>
<codeline lineno="11"><highlight class="normal">chmod($tmpfname,<sp/>0700);</highlight></codeline>
<codeline lineno="12"><highlight class="normal"></highlight><highlight class="keywordflow">if</highlight><highlight class="normal"><sp/>(<ref refid="test-pers_8php_1a0" kindref="member">$debug</ref>)<sp/>echo<sp/><ref refid="test-pers_8php_1a4" kindref="member">$tmpfname</ref>.</highlight><highlight class="stringliteral">&quot;\n&quot;</highlight><highlight class="normal">;</highlight></codeline>
<codeline lineno="13"><highlight class="normal"></highlight></codeline>
<codeline lineno="14"><highlight class="normal">putenv(</highlight><highlight class="stringliteral">&quot;DISPLAY=none:0.&quot;</highlight><highlight class="normal">);</highlight></codeline>
<codeline lineno="15"><highlight class="normal">putenv(</highlight><highlight class="stringliteral">&quot;SSH_ASKPASS=$tmpfname&quot;</highlight><highlight class="normal">);</highlight></codeline>
<codeline lineno="16"><highlight class="normal"></highlight></codeline>
<codeline lineno="17"><highlight class="normal"></highlight><highlight class="comment">//<sp/>make<sp/>askpass<sp/>command</highlight><highlight class="normal"></highlight></codeline>
<codeline lineno="18" refid="test-pers_8php_1a5" refkind="member"><highlight class="normal"><ref refid="test-pers_8php_1a5" kindref="member">$fp</ref><sp/>=<sp/>fopen($tmpfname,<sp/></highlight><highlight class="stringliteral">&quot;w&quot;</highlight><highlight class="normal">);</highlight></codeline>
<codeline lineno="19"><highlight class="normal">fputs($fp,<sp/></highlight><highlight class="stringliteral">&quot;#!/bin/sh\necho<sp/>$password\n&quot;</highlight><highlight class="normal">);</highlight></codeline>
<codeline lineno="20"><highlight class="normal"></highlight><highlight class="keywordflow">if</highlight><highlight class="normal"><sp/>(!<sp/><ref refid="test-pers_8php_1a0" kindref="member">$debug</ref>)<sp/></highlight></codeline>
<codeline lineno="21"><highlight class="normal"><sp/><sp/><sp/><sp/>fputs($fp,<sp/></highlight><highlight class="stringliteral">&quot;/bin/touch<sp/>$tmpfname.called\n&quot;</highlight><highlight class="normal">);</highlight></codeline>
<codeline lineno="22"><highlight class="normal"></highlight><highlight class="keywordflow">else</highlight><highlight class="normal"></highlight></codeline>
<codeline lineno="23"><highlight class="normal"><sp/><sp/><sp/><sp/><sp/>fputs($fp,<sp/></highlight><highlight class="stringliteral">&quot;/bin/rm<sp/>-f<sp/>$tmpfname\n&quot;</highlight><highlight class="normal">);</highlight></codeline>
<codeline lineno="24"><highlight class="normal">fclose($fp);</highlight></codeline>
<codeline lineno="25"><highlight class="normal"></highlight><highlight class="comment">//<sp/>go</highlight><highlight class="normal"></highlight></codeline>
<codeline lineno="26"><highlight class="normal"></highlight></codeline>
<codeline lineno="27" refid="test-pers_8php_1a6" refkind="member"><highlight class="normal"><ref refid="test-pers_8php_1a6" kindref="member">$child_stdout</ref><sp/>=<sp/>tempnam($workdir,<sp/></highlight><highlight class="stringliteral">&quot;open_sh-O-&quot;</highlight><highlight class="normal">);</highlight></codeline>
<codeline lineno="28" refid="test-pers_8php_1a7" refkind="member"><highlight class="normal"><ref refid="test-pers_8php_1a7" kindref="member">$child_stderr</ref><sp/>=<sp/>tempnam($workdir,<sp/></highlight><highlight class="stringliteral">&quot;open_sh-E-&quot;</highlight><highlight class="normal">);</highlight></codeline>
<codeline lineno="29"><highlight class="normal"></highlight></codeline>
<codeline lineno="30" refid="test-pers_8php_1a8" refkind="member"><highlight class="normal"><ref refid="test-pers_8php_1a8" kindref="member">$descriptorspec</ref><sp/>=<sp/>array(</highlight></codeline>
<codeline lineno="31"><highlight class="normal"><sp/><sp/><sp/><sp/>0<sp/>=&gt;<sp/>array(</highlight><highlight class="stringliteral">&quot;pipe&quot;</highlight><highlight class="normal">,<sp/></highlight><highlight class="stringliteral">&quot;r&quot;</highlight><highlight class="normal">),<sp/><sp/></highlight><highlight class="comment">//<sp/>connect<sp/>child&apos;s<sp/>stdin<sp/>to<sp/>the<sp/>read<sp/>end<sp/>of<sp/>a<sp/>pipe</highlight><highlight class="normal"></highlight></codeline>
<codeline lineno="32"><highlight class="normal"><sp/><sp/><sp/><sp/>1<sp/>=&gt;<sp/>array(</highlight><highlight class="stringliteral">&quot;file&quot;</highlight><highlight class="normal">,<sp/>$child_stdout,<sp/></highlight><highlight class="stringliteral">&quot;a&quot;</highlight><highlight class="normal">),<sp/><sp/></highlight><highlight class="comment">//<sp/>connect<sp/>child&apos;s<sp/>stdout<sp/>to<sp/>the<sp/>write<sp/>end<sp/>of<sp/>a<sp/>pipe</highlight><highlight class="normal"></highlight></codeline>
<codeline lineno="33"><highlight class="normal"><sp/><sp/><sp/><sp/>2<sp/>=&gt;<sp/>array(</highlight><highlight class="stringliteral">&quot;file&quot;</highlight><highlight class="normal">,<sp/>$child_stderr,<sp/></highlight><highlight class="stringliteral">&quot;a&quot;</highlight><highlight class="normal">)<sp/><sp/><sp/></highlight><highlight class="comment">//<sp/>stderr<sp/>is<sp/>a<sp/>pipe<sp/>to<sp/>read<sp/>from</highlight><highlight class="normal"></highlight></codeline>
<codeline lineno="34"><highlight class="normal">);</highlight></codeline>
<codeline lineno="35"><highlight class="normal"></highlight></codeline>
<codeline lineno="36"><highlight class="normal"></highlight><highlight class="comment">//<sp/>Open<sp/>master</highlight><highlight class="normal"></highlight></codeline>
<codeline lineno="37"><highlight class="normal"></highlight><highlight class="keywordflow">if</highlight><highlight class="normal"><sp/>(<ref refid="test-pers_8php_1a0" kindref="member">$debug</ref>)<sp/>echo<sp/></highlight><highlight class="stringliteral">&quot;ssh<sp/>-x<sp/>-t<sp/>-t<sp/>-M<sp/>-S<sp/>/tmp/open-sock<sp/>$remote\n&quot;</highlight><highlight class="normal">;</highlight></codeline>
<codeline lineno="38" refid="test-pers_8php_1a9" refkind="member"><highlight class="normal"><ref refid="test-pers_8php_1a9" kindref="member">$process</ref><sp/>=<sp/>proc_open(</highlight><highlight class="stringliteral">&quot;ssh<sp/>-x<sp/>-t<sp/>-t<sp/>-M<sp/>-S<sp/>/tmp/open-sock<sp/>$remote&quot;</highlight><highlight class="normal">,<sp/></highlight></codeline>
<codeline lineno="39"><highlight class="normal"><sp/><sp/><sp/><sp/><sp/><sp/><sp/><sp/><sp/><sp/><sp/><sp/><sp/><sp/><sp/><sp/><sp/>$descriptorspec,</highlight></codeline>
<codeline lineno="40"><highlight class="normal"><sp/><sp/><sp/><sp/><sp/><sp/><sp/><sp/><sp/><sp/><sp/><sp/><sp/><sp/><sp/><sp/><sp/>$pipes);</highlight></codeline>
<codeline lineno="41"><highlight class="normal"></highlight></codeline>
<codeline lineno="42"><highlight class="normal"></highlight></codeline>
<codeline lineno="43"><highlight class="normal">fwrite($pipes[0],<sp/></highlight><highlight class="stringliteral">&quot;\necho<sp/>Started\n&quot;</highlight><highlight class="normal">);</highlight></codeline>
<codeline lineno="44"><highlight class="normal"></highlight></codeline>
<codeline lineno="45"><highlight class="normal"></highlight><highlight class="keywordflow">do</highlight><highlight class="normal"><sp/>{</highlight></codeline>
<codeline lineno="46"><highlight class="normal"><sp/><sp/><sp/><sp/><sp/><sp/><sp/><sp/>echo<sp/></highlight><highlight class="stringliteral">&quot;wait\n&quot;</highlight><highlight class="normal">;</highlight></codeline>
<codeline lineno="47"><highlight class="normal"><sp/><sp/><sp/><sp/><sp/><sp/><sp/><sp/>usleep(100000);<sp/></highlight><highlight class="comment">//<sp/>wait<sp/>0.1<sp/>seconds</highlight><highlight class="normal"></highlight></codeline>
<codeline lineno="48"><highlight class="normal">}<sp/></highlight><highlight class="keywordflow">while</highlight><highlight class="normal"><sp/>(!<sp/>file_exists(</highlight><highlight class="stringliteral">&quot;/tmp/open-sock&quot;</highlight><highlight class="normal">));</highlight></codeline>
<codeline lineno="49"><highlight class="normal"></highlight></codeline>
<codeline lineno="50"><highlight class="normal"></highlight><highlight class="comment">//<sp/>there<sp/>we<sp/>go</highlight><highlight class="normal"></highlight></codeline>
<codeline lineno="51"><highlight class="normal"><sp/><sp/><sp/><sp/><sp/><sp/><sp/><sp/>putenv(</highlight><highlight class="stringliteral">&quot;SSH_ASKPASS=&quot;</highlight><highlight class="normal">);</highlight></codeline>
<codeline lineno="52" refid="test-pers_8php_1a10" refkind="member"><highlight class="normal"><sp/><sp/><sp/><sp/><sp/><sp/><sp/><sp/><ref refid="test-pers_8php_1a10" kindref="member">$f</ref><sp/>=<sp/>popen(</highlight><highlight class="stringliteral">&quot;ssh<sp/>-x<sp/>-t<sp/>-t<sp/>-S<sp/>/tmp/open-sock<sp/>$remote<sp/>ls&quot;</highlight><highlight class="normal">,<sp/></highlight><highlight class="stringliteral">&quot;w&quot;</highlight><highlight class="normal">);</highlight></codeline>
<codeline lineno="53"><highlight class="normal"><sp/><sp/><sp/><sp/><sp/><sp/><sp/><sp/>pclose($f);</highlight></codeline>
<codeline lineno="54"><highlight class="normal"></highlight></codeline>
<codeline lineno="55"><highlight class="normal"></highlight></codeline>
<codeline lineno="56"><highlight class="normal"></highlight></codeline>
<codeline lineno="57"><highlight class="normal"></highlight><highlight class="comment">//<sp/>finish</highlight><highlight class="normal"></highlight></codeline>
<codeline lineno="58"><highlight class="normal">fwrite($pipes[0],<sp/></highlight><highlight class="stringliteral">&quot;\necho<sp/>Stopped\n&quot;</highlight><highlight class="normal">);</highlight></codeline>
<codeline lineno="59"><highlight class="normal"></highlight></codeline>
<codeline lineno="60"><highlight class="normal"></highlight><highlight class="comment">//<sp/>Close<sp/>master</highlight><highlight class="normal"></highlight></codeline>
<codeline lineno="61"><highlight class="normal">fwrite($pipes[0],<sp/></highlight><highlight class="stringliteral">&quot;\nlogout\n&quot;</highlight><highlight class="normal">);</highlight></codeline>
<codeline lineno="62"><highlight class="normal">fclose($pipes[0]);</highlight></codeline>
<codeline lineno="63"><highlight class="normal">proc_close($process);</highlight></codeline>
<codeline lineno="64"><highlight class="normal"></highlight></codeline>
<codeline lineno="65"><highlight class="normal">?&gt;</highlight></codeline>
    </programlisting>
    <location file="/auto/volva.data/www/EMBnet/cgi-src/Grid/php::ssh/src/test-pers.php"/>
  </compounddef>
</doxygen>
